TN:
SF:src\App.tsx
FN:11,App
FNF:1
FNH:1
FNDA:3,App
DA:1,1
DA:2,1
DA:4,1
DA:6,1
DA:7,1
DA:8,1
DA:9,1
DA:12,3
DA:24,1
LF:9
LH:9
BRF:0
BRH:0
end_of_record
TN:
SF:src\main.tsx
FN:15,fetchData
FNF:1
FNH:0
FNDA:0,fetchData
DA:1,0
DA:2,0
DA:3,0
DA:4,0
DA:5,0
DA:6,0
DA:8,0
DA:16,0
DA:24,0
DA:26,0
LF:10
LH:0
BRF:0
BRH:0
end_of_record
TN:
SF:src\vite-env.d.ts
FNF:0
FNH:0
LF:0
LH:0
BRF:0
BRH:0
end_of_record
TN:
SF:src\api\api.ts
FN:5,searchApi
FNF:1
FNH:1
FNDA:2,searchApi
DA:3,1
DA:8,2
DA:9,2
DA:10,2
DA:11,0
DA:12,0
DA:14,2
DA:18,1
LF:8
LH:6
BRDA:6,0,0,0
BRF:1
BRH:0
end_of_record
TN:
SF:src\components\detailed-item\index.tsx
FN:6,DetailedItem
FN:10,handleButtonClick
FNF:2
FNH:0
FNDA:0,DetailedItem
FNDA:0,handleButtonClick
DA:1,0
DA:3,0
DA:7,0
DA:8,0
DA:11,0
DA:14,0
DA:16,0
DA:36,0
LF:8
LH:0
BRF:0
BRH:0
end_of_record
TN:
SF:src\components\errorBoundary\index.tsx
FN:14,(anonymous_1)
FN:22,(anonymous_2)
FN:26,(anonymous_3)
FN:30,(anonymous_4)
FNF:4
FNH:0
FNDA:0,(anonymous_1)
FNDA:0,(anonymous_2)
FNDA:0,(anonymous_3)
FNDA:0,(anonymous_4)
DA:1,0
DA:2,0
DA:15,0
DA:16,0
DA:23,0
DA:27,0
DA:31,0
DA:32,0
DA:44,0
DA:48,0
LF:10
LH:0
BRDA:31,0,0,0
BRF:1
BRH:0
end_of_record
TN:
SF:src\components\errorButton\index.tsx
FN:4,ErrorButton
FN:7,handleErrorButtonClick
FN:11,(anonymous_3)
FN:20,(anonymous_4)
FNF:4
FNH:2
FNDA:2,ErrorButton
FNDA:0,handleErrorButtonClick
FNDA:2,(anonymous_3)
FNDA:0,(anonymous_4)
DA:1,1
DA:2,1
DA:5,2
DA:8,0
DA:11,2
DA:12,2
DA:13,0
DA:17,2
DA:20,0
DA:27,1
LF:10
LH:7
BRDA:12,0,0,0
BRF:1
BRH:0
end_of_record
TN:
SF:src\components\item\index.tsx
FN:10,Item
FNF:1
FNH:0
FNDA:0,Item
DA:1,1
DA:3,1
DA:11,0
DA:38,1
LF:4
LH:3
BRF:0
BRH:0
end_of_record
TN:
SF:src\components\list\index.tsx
FN:10,List
FN:30,handleBlockClick
FN:42,(anonymous_3)
FN:44,(anonymous_4)
FNF:4
FNH:1
FNDA:4,List
FNDA:0,handleBlockClick
FNDA:0,(anonymous_3)
FNDA:0,(anonymous_4)
DA:1,1
DA:4,1
DA:5,1
DA:6,1
DA:7,1
DA:8,1
DA:11,4
DA:12,4
DA:14,4
DA:15,4
DA:17,4
DA:18,2
DA:31,0
DA:32,0
DA:36,2
DA:38,2
DA:39,0
DA:42,0
DA:45,0
DA:46,0
DA:56,2
DA:59,1
LF:22
LH:16
BRDA:17,0,0,2
BRDA:31,1,0,0
BRDA:38,2,0,0
BRDA:38,3,0,2
BRDA:38,3,1,2
BRDA:45,4,0,0
BRF:6
BRH:3
end_of_record
TN:
SF:src\components\pagination\index.tsx
FN:7,Pagination
FN:17,handleButtonClick
FN:28,getQueryFromURL
FN:37,(anonymous_4)
FN:46,(anonymous_5)
FNF:5
FNH:0
FNDA:0,Pagination
FNDA:0,handleButtonClick
FNDA:0,getQueryFromURL
FNDA:0,(anonymous_4)
FNDA:0,(anonymous_5)
DA:1,1
DA:2,1
DA:3,1
DA:4,1
DA:5,1
DA:8,0
DA:9,0
DA:11,0
DA:13,0
DA:14,0
DA:18,0
DA:20,0
DA:21,0
DA:24,0
DA:25,0
DA:29,0
DA:32,0
DA:38,0
DA:46,0
DA:54,1
LF:20
LH:6
BRDA:13,0,0,0
BRDA:18,1,0,0
BRDA:18,1,1,0
BRDA:22,2,0,0
BRDA:22,2,1,0
BRF:5
BRH:0
end_of_record
TN:
SF:src\components\search\index.tsx
FN:9,Search
FN:24,(anonymous_2)
FN:29,handleInputEvent
FN:33,handleInputNumberEvent
FN:37,handleBlurEvent
FN:49,handleButtonClick
FN:76,(anonymous_7)
FN:84,(anonymous_8)
FN:85,(anonymous_9)
FN:87,(anonymous_10)
FNF:10
FNH:3
FNDA:4,Search
FNDA:2,(anonymous_2)
FNDA:0,handleInputEvent
FNDA:0,handleInputNumberEvent
FNDA:0,handleBlurEvent
FNDA:2,handleButtonClick
FNDA:0,(anonymous_7)
FNDA:0,(anonymous_8)
FNDA:0,(anonymous_9)
FNDA:0,(anonymous_10)
DA:1,1
DA:3,1
DA:5,1
DA:6,1
DA:7,1
DA:11,4
DA:13,4
DA:14,4
DA:16,4
DA:22,4
DA:24,4
DA:25,2
DA:30,0
DA:34,0
DA:38,0
DA:39,0
DA:41,0
DA:42,0
DA:43,0
DA:44,0
DA:46,0
DA:52,2
DA:54,2
DA:55,2
DA:57,2
DA:58,2
DA:59,2
DA:60,0
DA:62,2
DA:63,2
DA:65,2
DA:68,4
DA:76,0
DA:84,0
DA:85,0
DA:87,0
DA:94,1
LF:37
LH:23
BRDA:17,0,0,0
BRDA:17,0,1,4
BRDA:52,1,0,0
BRDA:59,2,0,0
BRF:4
BRH:1
end_of_record
TN:
SF:src\utils\context\context.ts
FN:27,(anonymous_0)
FN:28,(anonymous_1)
FN:29,(anonymous_2)
FNF:3
FNH:0
FNDA:0,(anonymous_0)
FNDA:0,(anonymous_1)
FNDA:0,(anonymous_2)
DA:1,1
DA:16,1
DA:32,1
LF:3
LH:3
BRF:0
BRH:0
end_of_record
TN:
SF:src\utils\context\contextProvider.tsx
FN:16,ContextProvider
FN:28,(anonymous_2)
FN:29,updateLoadingState
FN:30,(anonymous_4)
FN:36,updateDataState
FN:38,(anonymous_6)
FN:46,updateNumberState
FN:47,(anonymous_8)
FNF:8
FNH:7
FNDA:4,ContextProvider
FNDA:4,(anonymous_2)
FNDA:4,updateLoadingState
FNDA:2,(anonymous_4)
FNDA:2,updateDataState
FNDA:0,(anonymous_6)
FNDA:2,updateNumberState
FNDA:2,(anonymous_8)
DA:1,1
DA:4,1
DA:17,4
DA:28,4
DA:30,4
DA:37,2
DA:38,0
DA:39,0
DA:47,2
DA:48,2
DA:55,4
DA:63,4
DA:66,1
LF:13
LH:11
BRDA:37,0,0,0
BRF:1
BRH:0
end_of_record
